c:\users\anshu\onedrive\desktop\akira client\akira\akira\x64\release\modulemanager.obj
c:\users\anshu\onedrive\desktop\akira client\akira\akira\x64\release\keystroke.obj
c:\users\anshu\onedrive\desktop\akira client\akira\akira\x64\release\compass.obj
c:\users\anshu\onedrive\desktop\akira client\akira\akira\x64\release\gamedata.obj
c:\users\anshu\onedrive\desktop\akira client\akira\akira\x64\release\uninject.obj
c:\users\anshu\onedrive\desktop\akira client\akira\akira\x64\release\fps.obj
c:\users\anshu\onedrive\desktop\akira client\akira\akira\x64\release\coords.obj
c:\users\anshu\onedrive\desktop\akira client\akira\akira\x64\release\renderutils.obj
c:\users\anshu\onedrive\desktop\akira client\akira\akira\x64\release\module.obj
c:\users\anshu\onedrive\desktop\akira client\akira\akira\x64\release\gui.obj
c:\users\anshu\onedrive\desktop\akira client\akira\akira\x64\release\cps.obj
c:\users\anshu\onedrive\desktop\akira client\akira\akira\x64\release\dllmain.obj
c:\users\anshu\onedrive\desktop\akira client\akira\akira\x64\release\utils.obj
c:\users\anshu\onedrive\desktop\akira client\akira\akira\x64\release\nightvision.obj
c:\users\anshu\onedrive\desktop\akira client\akira\akira\x64\release\menugui.obj
c:\users\anshu\onedrive\desktop\akira client\akira\akira\x64\release\hookmanager.obj
c:\users\anshu\onedrive\desktop\akira client\akira\akira\x64\release\autosprint.obj
c:\users\anshu\onedrive\desktop\akira client\akira\akira\x64\release\vc143.pdb
c:\users\anshu\onedrive\desktop\akira client\akira\x64\release\akira.dll
c:\users\anshu\onedrive\desktop\akira client\akira\akira\x64\release\akira.ipdb
c:\users\anshu\onedrive\desktop\akira client\akira\x64\release\akira.pdb
c:\users\anshu\onedrive\desktop\akira client\akira\akira\x64\release\akira.iobj
c:\users\anshu\onedrive\desktop\akira client\akira\akira\x64\release\akira.res
c:\users\anshu\onedrive\desktop\akira client\akira\akira\x64\release\akira.tlog\cl.10436.write.1.tlog
c:\users\anshu\onedrive\desktop\akira client\akira\akira\x64\release\akira.tlog\cl.command.1.tlog
c:\users\anshu\onedrive\desktop\akira client\akira\akira\x64\release\akira.tlog\cl.read.1.tlog
c:\users\anshu\onedrive\desktop\akira client\akira\akira\x64\release\akira.tlog\link.command.1.tlog
c:\users\anshu\onedrive\desktop\akira client\akira\akira\x64\release\akira.tlog\link.read.1.tlog
c:\users\anshu\onedrive\desktop\akira client\akira\akira\x64\release\akira.tlog\link.write.1.tlog
c:\users\anshu\onedrive\desktop\akira client\akira\akira\x64\release\akira.tlog\rc.command.1.tlog
c:\users\anshu\onedrive\desktop\akira client\akira\akira\x64\release\akira.tlog\rc.read.1.tlog
c:\users\anshu\onedrive\desktop\akira client\akira\akira\x64\release\akira.tlog\rc.write.1.tlog
